ISim log file
Running: L:\CE3001_lab2\regfiletest_isim_beh.exe -intstyle ise -gui -tclbatch isim.cmd -wdb L:/CE3001_lab2/regfiletest_isim_beh.wdb 
ISim P.49d (signature 0x7708f090)
This is a Full version of ISim.
Time resolution is 1 ps
# onerror resume
# wave add /
# run 1000 ns
Simulator is doing circuit initialization process.
Finished circuit initialization process.
Stopped at time : 350 ns : File "L:/CE3001_lab2/regfiletest.v" Line 70
INFO: There is another simulation running in the same directory. Using database file name isim1.wdb.
ISim P.49d (signature 0x7708f090)
This is a Full version of ISim.
Time resolution is 1 ps
# onerror resume
# wave add /
# run 1000 ns
Simulator is doing circuit initialization process.
Finished circuit initialization process.
Stopped at time : 350 ns : File "L:/CE3001_lab2/regfiletest.v" Line 70
