Release 14.4 - xst P.49d (nt64)
Copyright (c) 1995-2012 Xilinx, Inc.  All rights reserved.
--> Parameter TMPDIR set to xst/projnav.tmp


Total REAL time to Xst completion: 1.00 secs
Total CPU time to Xst completion: 0.65 secs
 
--> Parameter xsthdpdir set to xst


Total REAL time to Xst completion: 1.00 secs
Total CPU time to Xst completion: 0.65 secs
 
--> Reading design: regfile.prj

TABLE OF CONTENTS
  1) Synthesis Options Summary
  2) HDL Parsing
  3) HDL Elaboration
  4) HDL Synthesis
       4.1) HDL Synthesis Report
  5) Advanced HDL Synthesis
       5.1) Advanced HDL Synthesis Report
  6) Low Level Synthesis
  7) Partition Report
  8) Design Summary
       8.1) Primitive and Black Box Usage
       8.2) Device utilization summary
       8.3) Partition Resource Summary
       8.4) Timing Report
            8.4.1) Clock Information
            8.4.2) Asynchronous Control Signals Information
            8.4.3) Timing Summary
            8.4.4) Timing Details
            8.4.5) Cross Clock Domains Report


=========================================================================
*                      Synthesis Options Summary                        *
=========================================================================
---- Source Parameters
Input File Name                    : "regfile.prj"
Ignore Synthesis Constraint File   : NO

---- Target Parameters
Output File Name                   : "regfile"
Output Format                      : NGC
Target Device                      : xc6slx4-3-csg225

---- Source Options
Top Module Name                    : regfile
Automatic FSM Extraction           : YES
FSM Encoding Algorithm             : Auto
Safe Implementation                : No
FSM Style                          : LUT
RAM Extraction                     : Yes
RAM Style                          : Auto
ROM Extraction                     : Yes
Shift Register Extraction          : YES
ROM Style                          : Auto
Resource Sharing                   : YES
Asynchronous To Synchronous        : NO
Shift Register Minimum Size        : 2
Use DSP Block                      : Auto
Automatic Register Balancing       : No

---- Target Options
LUT Combining                      : Auto
Reduce Control Sets                : Auto
Add IO Buffers                     : YES
Global Maximum Fanout              : 100000
Add Generic Clock Buffer(BUFG)     : 16
Register Duplication               : YES
Optimize Instantiated Primitives   : NO
Use Clock Enable                   : Auto
Use Synchronous Set                : Auto
Use Synchronous Reset              : Auto
Pack IO Registers into IOBs        : Auto
Equivalent register Removal        : YES

---- General Options
Optimization Goal                  : Speed
Optimization Effort                : 1
Power Reduction                    : NO
Keep Hierarchy                     : No
Netlist Hierarchy                  : As_Optimized
RTL Output                         : Yes
Global Optimization                : AllClockNets
Read Cores                         : YES
Write Timing Constraints           : NO
Cross Clock Analysis               : NO
Hierarchy Separator                : /
Bus Delimiter                      : <>
Case Specifier                     : Maintain
Slice Utilization Ratio            : 100
BRAM Utilization Ratio             : 100
DSP48 Utilization Ratio            : 100
Auto BRAM Packing                  : NO
Slice Utilization Ratio Delta      : 5

=========================================================================


=========================================================================
*                          HDL Parsing                                  *
=========================================================================
Analyzing Verilog file "L:\CE3001_lab2\regfile.v" into library work
Parsing verilog file "define.v" included at line 2.
Parsing module <regfile>.

=========================================================================
*                            HDL Elaboration                            *
=========================================================================

Elaborating module <regfile>.

=========================================================================
*                           HDL Synthesis                               *
=========================================================================

Synthesizing Unit <regfile>.
    Related source file is "L:\CE3001_lab2\regfile.v".
    Found 16-bit register for signal <n0024>.
    Found 4-bit 4-to-1 multiplexer for signal <waddr[1]_regdata[3][3]_wide_mux_2_OUT> created at line 45.
    Found 4-bit 4-to-1 multiplexer for signal <raddr1[1]_regdata[3][3]_wide_mux_12_OUT> created at line 48.
    Found 4-bit 4-to-1 multiplexer for signal <raddr2[1]_regdata[3][3]_wide_mux_15_OUT> created at line 50.
    Found 2-bit comparator equal for signal <waddr[1]_raddr1[1]_equal_12_o> created at line 48
    Found 2-bit comparator equal for signal <waddr[1]_raddr2[1]_equal_15_o> created at line 50
    Summary:
	inferred  16 D-type flip-flop(s).
	inferred   2 Comparator(s).
	inferred  10 Multiplexer(s).
Unit <regfile> synthesized.

=========================================================================
HDL Synthesis Report

Macro Statistics
# Registers                                            : 1
 16-bit register                                       : 1
# Comparators                                          : 2
 2-bit comparator equal                                : 2
# Multiplexers                                         : 10
 4-bit 2-to-1 multiplexer                              : 7
 4-bit 4-to-1 multiplexer                              : 3

=========================================================================

=========================================================================
*                       Advanced HDL Synthesis                          *
=========================================================================


=========================================================================
Advanced HDL Synthesis Report

Macro Statistics
# Registers                                            : 16
 Flip-Flops                                            : 16
# Comparators                                          : 2
 2-bit comparator equal                                : 2
# Multiplexers                                         : 10
 4-bit 2-to-1 multiplexer                              : 7
 4-bit 4-to-1 multiplexer                              : 3

=========================================================================

=========================================================================
*                         Low Level Synthesis                           *
=========================================================================

Optimizing unit <regfile> ...

Mapping all equations...
Building and optimizing final netlist ...
Found area constraint ratio of 100 (+ 5) on block regfile, actual ratio is 2.

Final Macro Processing ...

=========================================================================
Final Register Report

Macro Statistics
# Registers                                            : 16
 Flip-Flops                                            : 16

=========================================================================

=========================================================================
*                           Partition Report                            *
=========================================================================

Partition Implementation Status
-------------------------------

  No Partitions were found in this design.

-------------------------------

=========================================================================
*                            Design Summary                             *
=========================================================================

Top Level Output File Name         : regfile.ngc

Primitive and Black Box Usage:
------------------------------
# BELS                             : 34
#      LUT3                        : 8
#      LUT5                        : 18
#      LUT6                        : 8
# FlipFlops/Latches                : 16
#      FDR                         : 13
#      FDS                         : 3
# Clock Buffers                    : 1
#      BUFGP                       : 1
# IO Buffers                       : 20
#      IBUF                        : 12
#      OBUF                        : 8

Device utilization summary:
---------------------------

Selected Device : 6slx4csg225-3 


Slice Logic Utilization: 
 Number of Slice Registers:              16  out of   4800     0%  
 Number of Slice LUTs:                   34  out of   2400     1%  
    Number used as Logic:                34  out of   2400     1%  

Slice Logic Distribution: 
 Number of LUT Flip Flop pairs used:     34
   Number with an unused Flip Flop:      18  out of     34    52%  
   Number with an unused LUT:             0  out of     34     0%  
   Number of fully used LUT-FF pairs:    16  out of     34    47%  
   Number of unique control sets:         1

IO Utilization: 
 Number of IOs:                          21
 Number of bonded IOBs:                  21  out of    132    15%  

Specific Feature Utilization:
 Number of BUFG/BUFGCTRLs:                1  out of     16     6%  

---------------------------
Partition Resource Summary:
---------------------------

  No Partitions were found in this design.

---------------------------


=========================================================================
Timing Report

NOTE: THESE TIMING NUMBERS ARE ONLY A SYNTHESIS ESTIMATE.
      FOR ACCURATE TIMING INFORMATION PLEASE REFER TO THE TRACE REPORT
      GENERATED AFTER PLACE-and-ROUTE.

Clock Information:
------------------
-----------------------------------+------------------------+-------+
Clock Signal                       | Clock buffer(FF name)  | Load  |
-----------------------------------+------------------------+-------+
clk                                | BUFGP                  | 16    |
-----------------------------------+------------------------+-------+

Asynchronous Control Signals Information:
----------------------------------------
No asynchronous control signals found in this design

Timing Summary:
---------------
Speed Grade: -3

   Minimum period: 1.405ns (Maximum Frequency: 711.617MHz)
   Minimum input arrival time before clock: 2.824ns
   Maximum output required time after clock: 5.682ns
   Maximum combinational path delay: 7.085ns

Timing Details:
---------------
All values displayed in nanoseconds (ns)

=========================================================================
Timing constraint: Default period analysis for Clock 'clk'
  Clock period: 1.405ns (frequency: 711.617MHz)
  Total number of paths / destination ports: 16 / 16
-------------------------------------------------------------------------
Delay:               1.405ns (Levels of Logic = 1)
  Source:            regdata_3_0 (FF)
  Destination:       regdata_3_0 (FF)
  Source Clock:      clk rising
  Destination Clock: clk rising

  Data Path: regdata_3_0 to regdata_3_0
                                Gate     Net
    Cell:in->out      fanout   Delay   Delay  Logical Name (Net Name)
    ----------------------------------------  ------------
     FDR:C->Q              3   0.447   0.651  regdata_3_0 (regdata_3_0)
     LUT5:I4->O            1   0.205   0.000  Mmux_regdata[3][3]_waddr[1]_mux_5_OUT11 (regdata[3][3]_waddr[1]_mux_5_OUT<0>)
     FDR:D                     0.102          regdata_3_0
    ----------------------------------------
    Total                      1.405ns (0.754ns logic, 0.651ns route)
                                       (53.7% logic, 46.3% route)

=========================================================================
Timing constraint: Default OFFSET IN BEFORE for Clock 'clk'
  Total number of paths / destination ports: 80 / 32
-------------------------------------------------------------------------
Offset:              2.824ns (Levels of Logic = 2)
  Source:            wen (PAD)
  Destination:       regdata_3_0 (FF)
  Destination Clock: clk rising

  Data Path: wen to regdata_3_0
                                Gate     Net
    Cell:in->out      fanout   Delay   Delay  Logical Name (Net Name)
    ----------------------------------------  ------------
     IBUF:I->O            18   1.222   1.297  wen_IBUF (wen_IBUF)
     LUT5:I1->O            1   0.203   0.000  Mmux_regdata[0][3]_waddr[1]_mux_8_OUT11 (regdata[0][3]_waddr[1]_mux_8_OUT<0>)
     FDR:D                     0.102          regdata_3_12
    ----------------------------------------
    Total                      2.824ns (1.527ns logic, 1.297ns route)
                                       (54.1% logic, 45.9% route)

=========================================================================
Timing constraint: Default OFFSET OUT AFTER for Clock 'clk'
  Total number of paths / destination ports: 32 / 8
-------------------------------------------------------------------------
Offset:              5.682ns (Levels of Logic = 3)
  Source:            regdata_3_3 (FF)
  Destination:       rdata1<3> (PAD)
  Source Clock:      clk rising

  Data Path: regdata_3_3 to rdata1<3>
                                Gate     Net
    Cell:in->out      fanout   Delay   Delay  Logical Name (Net Name)
    ----------------------------------------  ------------
     FDR:C->Q              3   0.447   0.995  regdata_3_3 (regdata_3_3)
     LUT6:I1->O            1   0.203   0.684  Mmux_rdata24_SW0 (N6)
     LUT3:I1->O            1   0.203   0.579  Mmux_rdata24 (rdata2_3_OBUF)
     OBUF:I->O                 2.571          rdata2_3_OBUF (rdata2<3>)
    ----------------------------------------
    Total                      5.682ns (3.424ns logic, 2.258ns route)
                                       (60.3% logic, 39.7% route)

=========================================================================
Timing constraint: Default path analysis
  Total number of paths / destination ports: 64 / 8
-------------------------------------------------------------------------
Delay:               7.085ns (Levels of Logic = 4)
  Source:            wen (PAD)
  Destination:       rdata1<3> (PAD)

  Data Path: wen to rdata1<3>
                                Gate     Net
    Cell:in->out      fanout   Delay   Delay  Logical Name (Net Name)
    ----------------------------------------  ------------
     IBUF:I->O            18   1.222   1.394  wen_IBUF (wen_IBUF)
     LUT5:I0->O            4   0.203   0.912  wen_waddr[1]_AND_7_o1 (wen_waddr[1]_AND_7_o)
     LUT3:I0->O            1   0.205   0.579  Mmux_rdata11 (rdata1_0_OBUF)
     OBUF:I->O                 2.571          rdata1_0_OBUF (rdata1<0>)
    ----------------------------------------
    Total                      7.085ns (4.201ns logic, 2.884ns route)
                                       (59.3% logic, 40.7% route)

=========================================================================

Cross Clock Domains Report:
--------------------------

Clock to Setup on destination clock clk
---------------+---------+---------+---------+---------+
               | Src:Rise| Src:Fall| Src:Rise| Src:Fall|
Source Clock   |Dest:Rise|Dest:Rise|Dest:Fall|Dest:Fall|
---------------+---------+---------+---------+---------+
clk            |    1.405|         |         |         |
---------------+---------+---------+---------+---------+

=========================================================================


Total REAL time to Xst completion: 5.00 secs
Total CPU time to Xst completion: 5.12 secs
 
--> 

Total memory usage is 4506432 kilobytes

Number of errors   :    0 (   0 filtered)
Number of warnings :    0 (   0 filtered)
Number of infos    :    0 (   0 filtered)

